<?xml version="1.0" encoding="UTF-8"?>
<testsuite xmlns:xsi="http://www.w3.org/2001/XMLSchema-instance" xsi:noNamespaceSchemaLocation="https://maven.apache.org/surefire/maven-surefire-plugin/xsd/surefire-test-report.xsd" name="edu.eci.cvds.tdd.registry.RegistryTest" time="0.167" tests="5" errors="0" skipped="0" failures="4">
  <properties>
    <property name="sun.desktop" value="windows"/>
    <property name="awt.toolkit" value="sun.awt.windows.WToolkit"/>
    <property name="file.encoding.pkg" value="sun.io"/>
    <property name="java.specification.version" value="1.8"/>
    <property name="sun.cpu.isalist" value="amd64"/>
    <property name="sun.jnu.encoding" value="Cp1252"/>
    <property name="java.class.path" value="C:\Users\Carlos\Desktop\ECI\Octavo\CVDS\Laboratorios\CVDS\Laboratorios\Lab 3\ClasesEquivalencia\target\test-classes;C:\Users\Carlos\Desktop\ECI\Octavo\CVDS\Laboratorios\CVDS\Laboratorios\Lab 3\ClasesEquivalencia\target\classes;C:\Users\Carlos\.m2\repository\junit\junit\4.11\junit-4.11.jar;C:\Users\Carlos\.m2\repository\org\hamcrest\hamcrest-core\1.3\hamcrest-core-1.3.jar;C:\Users\Carlos\.m2\repository\org\junit\jupiter\junit-jupiter-api\5.7.0-RC1\junit-jupiter-api-5.7.0-RC1.jar;C:\Users\Carlos\.m2\repository\org\apiguardian\apiguardian-api\1.1.0\apiguardian-api-1.1.0.jar;C:\Users\Carlos\.m2\repository\org\opentest4j\opentest4j\1.2.0\opentest4j-1.2.0.jar;C:\Users\Carlos\.m2\repository\org\junit\platform\junit-platform-commons\1.7.0-RC1\junit-platform-commons-1.7.0-RC1.jar;"/>
    <property name="java.vm.vendor" value="Oracle Corporation"/>
    <property name="sun.arch.data.model" value="64"/>
    <property name="user.variant" value=""/>
    <property name="java.vendor.url" value="http://java.oracle.com/"/>
    <property name="user.timezone" value="America/Bogota"/>
    <property name="user.country.format" value="MX"/>
    <property name="java.vm.specification.version" value="1.8"/>
    <property name="os.name" value="Windows 10"/>
    <property name="user.country" value="US"/>
    <property name="sun.java.launcher" value="SUN_STANDARD"/>
    <property name="sun.boot.library.path" value="C:\Program Files\Java\jdk1.8.0_231\jre\bin"/>
    <property name="sun.java.command" value="C:\Users\Carlos\AppData\Local\Temp\surefire3389910802099448451\surefirebooter1913430304112586903.jar C:\Users\Carlos\AppData\Local\Temp\surefire3389910802099448451 2020-08-20T10-00-50_725-jvmRun1 surefire5322489054525287299tmp surefire_04313863394880793626tmp"/>
    <property name="surefire.test.class.path" value="C:\Users\Carlos\Desktop\ECI\Octavo\CVDS\Laboratorios\CVDS\Laboratorios\Lab 3\ClasesEquivalencia\target\test-classes;C:\Users\Carlos\Desktop\ECI\Octavo\CVDS\Laboratorios\CVDS\Laboratorios\Lab 3\ClasesEquivalencia\target\classes;C:\Users\Carlos\.m2\repository\junit\junit\4.11\junit-4.11.jar;C:\Users\Carlos\.m2\repository\org\hamcrest\hamcrest-core\1.3\hamcrest-core-1.3.jar;C:\Users\Carlos\.m2\repository\org\junit\jupiter\junit-jupiter-api\5.7.0-RC1\junit-jupiter-api-5.7.0-RC1.jar;C:\Users\Carlos\.m2\repository\org\apiguardian\apiguardian-api\1.1.0\apiguardian-api-1.1.0.jar;C:\Users\Carlos\.m2\repository\org\opentest4j\opentest4j\1.2.0\opentest4j-1.2.0.jar;C:\Users\Carlos\.m2\repository\org\junit\platform\junit-platform-commons\1.7.0-RC1\junit-platform-commons-1.7.0-RC1.jar;"/>
    <property name="sun.cpu.endian" value="little"/>
    <property name="user.home" value="C:\Users\Carlos"/>
    <property name="user.language" value="en"/>
    <property name="java.specification.vendor" value="Oracle Corporation"/>
    <property name="java.home" value="C:\Program Files\Java\jdk1.8.0_231\jre"/>
    <property name="basedir" value="C:\Users\Carlos\Desktop\ECI\Octavo\CVDS\Laboratorios\CVDS\Laboratorios\Lab 3\ClasesEquivalencia"/>
    <property name="file.separator" value="\"/>
    <property name="line.separator" value="&#10;"/>
    <property name="java.vm.specification.vendor" value="Oracle Corporation"/>
    <property name="java.specification.name" value="Java Platform API Specification"/>
    <property name="java.awt.graphicsenv" value="sun.awt.Win32GraphicsEnvironment"/>
    <property name="surefire.real.class.path" value="C:\Users\Carlos\AppData\Local\Temp\surefire3389910802099448451\surefirebooter1913430304112586903.jar"/>
    <property name="sun.boot.class.path" value="C:\Program Files\Java\jdk1.8.0_231\jre\lib\resources.jar;C:\Program Files\Java\jdk1.8.0_231\jre\lib\rt.jar;C:\Program Files\Java\jdk1.8.0_231\jre\lib\sunrsasign.jar;C:\Program Files\Java\jdk1.8.0_231\jre\lib\jsse.jar;C:\Program Files\Java\jdk1.8.0_231\jre\lib\jce.jar;C:\Program Files\Java\jdk1.8.0_231\jre\lib\charsets.jar;C:\Program Files\Java\jdk1.8.0_231\jre\lib\jfr.jar;C:\Program Files\Java\jdk1.8.0_231\jre\classes"/>
    <property name="user.script" value=""/>
    <property name="sun.management.compiler" value="HotSpot 64-Bit Tiered Compilers"/>
    <property name="java.runtime.version" value="1.8.0_231-b11"/>
    <property name="user.name" value="Carlos"/>
    <property name="path.separator" value=";"/>
    <property name="os.version" value="10.0"/>
    <property name="java.endorsed.dirs" value="C:\Program Files\Java\jdk1.8.0_231\jre\lib\endorsed"/>
    <property name="java.runtime.name" value="Java(TM) SE Runtime Environment"/>
    <property name="file.encoding" value="Cp1252"/>
    <property name="java.vm.name" value="Java HotSpot(TM) 64-Bit Server VM"/>
    <property name="localRepository" value="C:\Users\Carlos\.m2\repository"/>
    <property name="java.vendor.url.bug" value="http://bugreport.sun.com/bugreport/"/>
    <property name="java.io.tmpdir" value="C:\Users\Carlos\AppData\Local\Temp\"/>
    <property name="java.version" value="1.8.0_231"/>
    <property name="user.dir" value="C:\Users\Carlos\Desktop\ECI\Octavo\CVDS\Laboratorios\CVDS\Laboratorios\Lab 3\ClasesEquivalencia"/>
    <property name="os.arch" value="amd64"/>
    <property name="java.vm.specification.name" value="Java Virtual Machine Specification"/>
    <property name="java.awt.printerjob" value="sun.awt.windows.WPrinterJob"/>
    <property name="user.language.format" value="es"/>
    <property name="sun.os.patch.level" value=""/>
    <property name="java.library.path" value="C:\Program Files\Java\jdk1.8.0_231\jre\bin;C:\WINDOWS\Sun\Java\bin;C:\WINDOWS\system32;C:\WINDOWS;C:\Program Files\Java\jdk1.8.0_231\bin;C:\Program Files (x86)\AMD\ATI.ACE\Core-Static;C:\Program Files\Git\cmd;C:\Users\Carlos\Downloads\apache-maven-3.6.3-bin\apache-maven-3.6.3\bin;;C:\Program Files (x86)\Microsoft SQL Server\150\DTS\Binn\;C:\Program Files\dotnet\;C:\Program Files (x86)\dotnet\;C:\Program Files\Java\jdk1.8.0_231\bin;."/>
    <property name="java.vm.info" value="mixed mode"/>
    <property name="java.vendor" value="Oracle Corporation"/>
    <property name="java.vm.version" value="25.231-b11"/>
    <property name="java.ext.dirs" value="C:\Program Files\Java\jdk1.8.0_231\jre\lib\ext;C:\WINDOWS\Sun\Java\lib\ext"/>
    <property name="sun.io.unicode.encoding" value="UnicodeLittle"/>
    <property name="java.class.version" value="52.0"/>
  </properties>
  <testcase name="validateUnderage" classname="edu.eci.cvds.tdd.registry.RegistryTest" time="0.007">
    <failure message="expected:&lt;UNDERAGE&gt; but was:&lt;DEAD&gt;" type="java.lang.AssertionError"><![CDATA[java.lang.AssertionError: expected:<UNDERAGE> but was:<DEAD>
	at edu.eci.cvds.tdd.registry.RegistryTest.validateUnderage(RegistryTest.java:54)
]]></failure>
  </testcase>
  <testcase name="validateAge" classname="edu.eci.cvds.tdd.registry.RegistryTest" time="0">
    <failure message="expected:&lt;INVALID_AGE&gt; but was:&lt;DEAD&gt;" type="java.lang.AssertionError"><![CDATA[java.lang.AssertionError: expected:<INVALID_AGE> but was:<DEAD>
	at edu.eci.cvds.tdd.registry.RegistryTest.validateAge(RegistryTest.java:35)
]]></failure>
  </testcase>
  <testcase name="validateAlive" classname="edu.eci.cvds.tdd.registry.RegistryTest" time="0"/>
  <testcase name="validateDuplicated" classname="edu.eci.cvds.tdd.registry.RegistryTest" time="0">
    <failure message="expected:&lt;DUPLICATED&gt; but was:&lt;DEAD&gt;" type="java.lang.AssertionError"><![CDATA[java.lang.AssertionError: expected:<DUPLICATED> but was:<DEAD>
	at edu.eci.cvds.tdd.registry.RegistryTest.validateDuplicated(RegistryTest.java:45)
]]></failure>
  </testcase>
  <testcase name="validateRegistryResult" classname="edu.eci.cvds.tdd.registry.RegistryTest" time="0">
    <failure message="expected:&lt;VALID&gt; but was:&lt;DEAD&gt;" type="java.lang.AssertionError"><![CDATA[java.lang.AssertionError: expected:<VALID> but was:<DEAD>
	at edu.eci.cvds.tdd.registry.RegistryTest.validateRegistryResult(RegistryTest.java:17)
]]></failure>
  </testcase>
</testsuite>